<?xml version="1.0" encoding="UTF-8"?>
<!-- Generated by org.testng.reporters.JUnitReportReporter -->
<testsuite hostname="Tricky" failures="0" tests="1" name="co.xyz.selenium.webdriver.basic.Day2" time="9.751" errors="0" timestamp="2023-03-13T10:52:26 EDT" skipped="0">
  <testcase classname="co.xyz.selenium.webdriver.basic.Day2" name="invokeBrowser1" time="9.751"/>
  <system-out/>
</testsuite> <!-- co.xyz.selenium.webdriver.basic.Day2 -->
