<?xml version="1.0" encoding="UTF-8"?>
<!-- Generated by org.testng.reporters.JUnitReportReporter -->
<testsuite hostname="Tricky" failures="0" tests="1" name="co.xyz.selenium.webdriver.basic.testNgTry" time="0.010" errors="0" timestamp="2023-02-13T11:00:44 EST" skipped="0">
  <testcase classname="co.xyz.selenium.webdriver.basic.testNgTry" name="y" time="0.010"/>
  <system-out/>
</testsuite> <!-- co.xyz.selenium.webdriver.basic.testNgTry -->
