<?xml version="1.0" encoding="UTF-8"?>
<!-- Generated by org.testng.reporters.JUnitReportReporter -->
<testsuite hostname="Tricky" failures="0" tests="1" name="co.xyz.selenium.webdriver.basic.Day2" time="10.316" errors="0" timestamp="2023-03-16T13:48:28 EDT" skipped="0">
  <testcase classname="co.xyz.selenium.webdriver.basic.Day2" name="invokeBrowser1" time="10.316"/>
  <system-out/>
</testsuite> <!-- co.xyz.selenium.webdriver.basic.Day2 -->
